FILE_TYPE=LIBRARY_PARTS;
PRIMITIVE 'RD901F_40_15R1_B100K_00DL1','RD901F_40_15R1_B100K_00DL1_Other';
  PIN
    'CCW':
      PIN_NUMBER='(1)';
      NO_LOAD_CHECK=BOTH;
      NO_IO_CHECK=BOTH;
      ALLOW_CONNECT=TRUE;
      PINUSE='UNSPEC';
    'WIPER':
      PIN_NUMBER='(2)';
      NO_LOAD_CHECK=BOTH;
      NO_IO_CHECK=BOTH;
      ALLOW_CONNECT=TRUE;
      PINUSE='UNSPEC';
    'CW':
      PIN_NUMBER='(3)';
      NO_LOAD_CHECK=BOTH;
      NO_IO_CHECK=BOTH;
      ALLOW_CONNECT=TRUE;
      PINUSE='UNSPEC';
    'MH1':
      PIN_NUMBER='(4)';
      NO_LOAD_CHECK=BOTH;
      NO_IO_CHECK=BOTH;
      ALLOW_CONNECT=TRUE;
      PINUSE='UNSPEC';
    'MH2':
      PIN_NUMBER='(5)';
      NO_LOAD_CHECK=BOTH;
      NO_IO_CHECK=BOTH;
      ALLOW_CONNECT=TRUE;
      PINUSE='UNSPEC';
  END_PIN;
  BODY
    PART_NAME='RD901F_40_15R1_B100K_00DL1';
    PHYS_DES_PREFIX='VR';
    NO_LOAD_CHECK='TRUE';
    PIN_COUNT='5';
    BODY_NAME='RD901F_40_15R1_B100K_00DL1';
    JEDEC_TYPE='RD901F4015R1B100K00DL1';
  END_BODY;
END_PRIMITIVE;
END.
